<?xml version="1.0" encoding="UTF-8"?>
<robot generator="Robot 3.1.2 (Python 3.7.4 on darwin)" generated="20190924 14:08:19.727" rpa="false">
<suite id="s1" name="createAppInst vm" source="/Users/ashutoshbhatt/go/src/github.com/mobiledgex/edge-cloud-qa/testcases/controller/app/createAppInst_vm.robot">
<test id="s1-t1" name="AppInst - VM deployment without cluster shall create clustername='DefaultVMCluster'">
<kw name="Setup" type="setup">
<kw name="Create Developer" library="MexController">
<msg timestamp="20190924 14:08:19.849" level="INFO">create developer on automation.ctrl.mobiledgex.net:55001. 
	key {
	  name: "developer1569352099-8486028"
	}
	</msg>
<msg timestamp="20190924 14:08:20.254" level="INFO">show developers on automation.ctrl.mobiledgex.net:55001. 
	key {
	  name: "developer1569352099-8486028"
	}
	</msg>
<status status="PASS" starttime="20190924 14:08:19.848" endtime="20190924 14:08:20.412"></status>
</kw>
<kw name="Create Flavor" library="MexController">
<msg timestamp="20190924 14:08:20.413" level="INFO">create flavor on automation.ctrl.mobiledgex.net:55001. 
	key {
	  name: "flavor1569352099-8486028"
	}
	ram: 1024
	vcpus: 1
	disk: 1
	</msg>
<msg timestamp="20190924 14:08:20.470" level="INFO">show flavors on automation.ctrl.mobiledgex.net:55001. 
	key {
	  name: "flavor1569352099-8486028"
	}
	</msg>
<status status="PASS" starttime="20190924 14:08:20.412" endtime="20190924 14:08:20.507"></status>
</kw>
<kw name="Create App" library="MexController">
<arguments>
<arg>deployment=vm</arg>
<arg>image_type=ImageTypeQCOW</arg>
<arg>image_path=${qcow_centos_image}</arg>
</arguments>
<msg timestamp="20190924 14:08:20.508" level="INFO">create app on automation.ctrl.mobiledgex.net:55001. 
	key {
	  developer_key {
	    name: "developer1569352099-8486028"
	  }
	  name: "app1569352099-8486028"
	  version: "1.0"
	}
	image_path: "https://artifactory-qa.mobiledgex.net/artifactory/mobiledgex/server_ping_threaded_centos7.qcow2#md5:eddafc541f1642b76a1c30062116719d"
	image_type: IMAGE_TYPE_QCOW
	access_ports: "tcp:1234"
	default_flavor {
	  name: "flavor1569352099-8486028"
	}
	deployment: "vm"
	</msg>
<msg timestamp="20190924 14:08:21.665" level="INFO">show apps on automation.ctrl.mobiledgex.net:55001. 
	key {
	  developer_key {
	    name: "developer1569352099-8486028"
	  }
	  name: "app1569352099-8486028"
	  version: "1.0"
	}
	</msg>
<msg timestamp="20190924 14:08:21.702" level="WARN">imagetypeqcow
{'key': developer_key {
  name: "developer1569352099-8486028"
}
name: "app1569352099-8486028"
version: "1.0"
, 'image_type': 2, 'image_path': 'https://artifactory-qa.mobiledgex.net/artifactory/mobiledgex/server_ping_threaded_centos7.qcow2#md5:eddafc541f1642b76a1c30062116719d', 'default_flavor': name: "flavor1569352099-8486028"
, 'access_ports': 'tcp:1234', 'deployment': 'vm'}</msg>
<msg timestamp="20190924 14:08:21.702" level="WARN">None
{'key': developer_key {
  name: "developer1569352099-8486028"
}
name: "app1569352099-8486028"
version: "1.0"
}</msg>
<status status="PASS" starttime="20190924 14:08:20.507" endtime="20190924 14:08:21.702"></status>
</kw>
<kw name="Get Default App Name" library="MexController">
<assign>
<var>${app_name_default}</var>
</assign>
<msg timestamp="20190924 14:08:21.703" level="INFO">${app_name_default} = app1569352099-8486028</msg>
<status status="PASS" starttime="20190924 14:08:21.702" endtime="20190924 14:08:21.703"></status>
</kw>
<kw name="Get Default App Version" library="MexController">
<assign>
<var>${app_version_default}</var>
</assign>
<msg timestamp="20190924 14:08:21.703" level="INFO">${app_version_default} = 1.0</msg>
<status status="PASS" starttime="20190924 14:08:21.703" endtime="20190924 14:08:21.704"></status>
</kw>
<kw name="Get Default Developer Name" library="MexController">
<assign>
<var>${developer_name_default}</var>
</assign>
<msg timestamp="20190924 14:08:21.704" level="INFO">${developer_name_default} = developer1569352099-8486028</msg>
<status status="PASS" starttime="20190924 14:08:21.704" endtime="20190924 14:08:21.704"></status>
</kw>
<kw name="Get Default Flavor Name" library="MexController">
<assign>
<var>${flavor_name_default}</var>
</assign>
<msg timestamp="20190924 14:08:21.705" level="INFO">${flavor_name_default} = flavor1569352099-8486028</msg>
<status status="PASS" starttime="20190924 14:08:21.704" endtime="20190924 14:08:21.705"></status>
</kw>
<kw name="Set Suite Variable" library="BuiltIn">
<doc>Makes a variable available everywhere within the scope of the current suite.</doc>
<arguments>
<arg>${app_name_default}</arg>
</arguments>
<msg timestamp="20190924 14:08:21.705" level="INFO">${app_name_default} = app1569352099-8486028</msg>
<status status="PASS" starttime="20190924 14:08:21.705" endtime="20190924 14:08:21.705"></status>
</kw>
<kw name="Set Suite Variable" library="BuiltIn">
<doc>Makes a variable available everywhere within the scope of the current suite.</doc>
<arguments>
<arg>${app_version_default}</arg>
</arguments>
<msg timestamp="20190924 14:08:21.706" level="INFO">${app_version_default} = 1.0</msg>
<status status="PASS" starttime="20190924 14:08:21.705" endtime="20190924 14:08:21.706"></status>
</kw>
<kw name="Set Suite Variable" library="BuiltIn">
<doc>Makes a variable available everywhere within the scope of the current suite.</doc>
<arguments>
<arg>${developer_name_default}</arg>
</arguments>
<msg timestamp="20190924 14:08:21.706" level="INFO">${developer_name_default} = developer1569352099-8486028</msg>
<status status="PASS" starttime="20190924 14:08:21.706" endtime="20190924 14:08:21.706"></status>
</kw>
<kw name="Set Suite Variable" library="BuiltIn">
<doc>Makes a variable available everywhere within the scope of the current suite.</doc>
<arguments>
<arg>${flavor_name_default}</arg>
</arguments>
<msg timestamp="20190924 14:08:21.707" level="INFO">${flavor_name_default} = flavor1569352099-8486028</msg>
<status status="PASS" starttime="20190924 14:08:21.706" endtime="20190924 14:08:21.707"></status>
</kw>
<status status="PASS" starttime="20190924 14:08:19.847" endtime="20190924 14:08:21.707"></status>
</kw>
<kw name="Get Default Cluster Name" library="MexController">
<assign>
<var>${cluster_name_default}</var>
</assign>
<msg timestamp="20190924 14:08:21.707" level="INFO">${cluster_name_default} = cluster1569352099-8486028</msg>
<status status="PASS" starttime="20190924 14:08:21.707" endtime="20190924 14:08:21.707"></status>
</kw>
<kw name="Get Default App Name" library="MexController">
<assign>
<var>${app_name_default}</var>
</assign>
<msg timestamp="20190924 14:08:21.708" level="INFO">${app_name_default} = app1569352099-8486028</msg>
<status status="PASS" starttime="20190924 14:08:21.708" endtime="20190924 14:08:21.708"></status>
</kw>
<kw name="Get Default Developer Name" library="MexController">
<assign>
<var>${developer_name_default}</var>
</assign>
<msg timestamp="20190924 14:08:21.708" level="INFO">${developer_name_default} = developer1569352099-8486028</msg>
<status status="PASS" starttime="20190924 14:08:21.708" endtime="20190924 14:08:21.708"></status>
</kw>
<kw name="Get Default App Version" library="MexController">
<assign>
<var>${app_version_default}</var>
</assign>
<msg timestamp="20190924 14:08:21.709" level="INFO">${app_version_default} = 1.0</msg>
<status status="PASS" starttime="20190924 14:08:21.708" endtime="20190924 14:08:21.709"></status>
</kw>
<kw name="Create App Instance" library="MexController">
<doc>Creates an app instance with the specified object, values or all default values</doc>
<arguments>
<arg>app_name=${app_name_default}</arg>
<arg>developer_name=${developer_name_default}</arg>
<arg>app_version=${app_version_default}</arg>
<arg>cloudlet_name=${cloudlet_name}</arg>
<arg>operator_name=${operator_name}</arg>
<arg>use_defaults=${False}</arg>
</arguments>
<assign>
<var>${app_inst}</var>
</assign>
<msg timestamp="20190924 14:08:21.709" level="INFO">create app instance on automation.ctrl.mobiledgex.net:55001. 
	key {
	  app_key {
	    developer_key {
	      name: "developer1569352099-8486028"
	    }
	    name: "app1569352099-8486028"
	    version: "1.0"
	  }
	  cluster_inst_key {
	    cloudlet_key {
	      operator_key {
	        name: "tmus"
	      }
	      name: "tmocloud-1"
	    }
	  }
	}
	cloudlet_loc {
	}
	</msg>
<msg timestamp="20190924 14:08:21.863" level="INFO">show app instance on automation.ctrl.mobiledgex.net:55001. 
	key {
	  app_key {
	    developer_key {
	      name: "developer1569352099-8486028"
	    }
	    name: "app1569352099-8486028"
	  }
	  cluster_inst_key {
	    cluster_key {
	    }
	    cloudlet_key {
	      operator_key {
	        name: "tmus"
	      }
	      name: "tmocloud-1"
	    }
	  }
	}
	cloudlet_loc {
	}
	</msg>
<msg timestamp="20190924 14:08:21.898" level="INFO">{'cloudlet_loc': , 'key': app_key {
  developer_key {
    name: "developer1569352099-8486028"
  }
  name: "app1569352099-8486028"
  version: "1.0"
}
cluster_inst_key {
  cloudlet_key {
    operator_key {
      name: "tmus"
    }
    name: "tmocloud-1"
  }
}
}
s key {
  app_key {
    developer_key {
      name: "developer1569352099-8486028"
    }
    name: "app1569352099-8486028"
    version: "1.0"
  }
  cluster_inst_key {
    cloudlet_key {
      operator_key {
        name: "tmus"
      }
      name: "tmocloud-1"
    }
  }
}
cloudlet_loc {
}

sending message
{'cloudlet_loc': , 'key': app_key {
  developer_key {
    name: "developer1569352099-8486028"
  }
  name: "app1569352099-8486028"
}
cluster_inst_key {
  cluster_key {
  }
  cloudlet_key {
    operator_key {
      name: "tmus"
    }
    name: "tmocloud-1"
  }
}
}
s key {
  app_key {
    developer_key {
      name: "developer1569352099-8486028"
    }
    name: "app1569352099-8486028"
  }
  cluster_inst_key {
    cluster_key {
    }
    cloudlet_key {
      operator_key {
        name: "tmus"
      }
      name: "tmocloud-1"
    }
  }
}
cloudlet_loc {
}</msg>
<msg timestamp="20190924 14:08:21.899" level="INFO">${app_inst} = key {
  app_key {
    developer_key {
      name: "developer1569352099-8486028"
    }
    name: "app1569352099-8486028"
    version: "1.0"
  }
  cluster_inst_key {
    cluster_key {
      name: "Defau...</msg>
<status status="PASS" starttime="20190924 14:08:21.709" endtime="20190924 14:08:21.899"></status>
</kw>
<kw name="Should Be Equal" library="BuiltIn">
<doc>Fails if the given objects are unequal.</doc>
<arguments>
<arg>${app_inst.key.cluster_inst_key.cluster_key.name}</arg>
<arg>DefaultVMCluster</arg>
</arguments>
<status status="PASS" starttime="20190924 14:08:21.899" endtime="20190924 14:08:21.900"></status>
</kw>
<kw name="Cleanup Provisioning" library="MexController" type="teardown">
<msg timestamp="20190924 14:08:21.900" level="INFO">cleaning up provisioning</msg>
<msg timestamp="20190924 14:08:21.900" level="INFO">delete app instance on automation.ctrl.mobiledgex.net:55001. 
	key {
	  app_key {
	    developer_key {
	      name: "developer1569352099-8486028"
	    }
	    name: "app1569352099-8486028"
	    version: "1.0"
	  }
	  cluster_inst_key {
	    cloudlet_key {
	      operator_key {
	        name: "tmus"
	      }
	      name: "tmocloud-1"
	    }
	  }
	}
	cloudlet_loc {
	}
	</msg>
<msg timestamp="20190924 14:08:22.019" level="INFO">delete app on automation.ctrl.mobiledgex.net:55001. 
	key {
	  developer_key {
	    name: "developer1569352099-8486028"
	  }
	  name: "app1569352099-8486028"
	  version: "1.0"
	}
	image_path: "https://artifactory-qa.mobiledgex.net/artifactory/mobiledgex/server_ping_threaded_centos7.qcow2#md5:eddafc541f1642b76a1c30062116719d"
	image_type: IMAGE_TYPE_QCOW
	access_ports: "tcp:1234"
	default_flavor {
	  name: "flavor1569352099-8486028"
	}
	deployment: "vm"
	</msg>
<msg timestamp="20190924 14:08:22.066" level="INFO">delete flavor on automation.ctrl.mobiledgex.net:55001. 
	key {
	  name: "flavor1569352099-8486028"
	}
	ram: 1024
	vcpus: 1
	disk: 1
	</msg>
<msg timestamp="20190924 14:08:22.110" level="INFO">delete developer on automation.ctrl.mobiledgex.net:55001. 
	key {
	  name: "developer1569352099-8486028"
	}
	</msg>
<msg timestamp="20190924 14:08:22.244" level="INFO">[&lt;function MexController.create_developer.&lt;locals&gt;.&lt;lambda&gt; at 0x1060afc20&gt;, &lt;function MexController.create_flavor.&lt;locals&gt;.&lt;lambda&gt; at 0x1060bdf80&gt;, &lt;function MexController.create_app.&lt;locals&gt;.&lt;lambda&gt; at 0x106110320&gt;, &lt;function MexController.create_app_instance.&lt;locals&gt;.sendMessage.&lt;locals&gt;.&lt;lambda&gt; at 0x106110050&gt;]
sending message
message: "Setting ClusterInst developer to match App developer"

message: "NotPresent"

message: "Deleted AppInst successfully"</msg>
<status status="PASS" starttime="20190924 14:08:21.900" endtime="20190924 14:08:22.245"></status>
</kw>
<doc>create a VM app instance without cluster
verify DefaultVMCluster is set as cluster name</doc>
<status status="PASS" starttime="20190924 14:08:19.847" endtime="20190924 14:08:22.245" critical="yes"></status>
</test>
<test id="s1-t2" name="AppInst - VM deployment shall be created with clustername">
<kw name="Setup" type="setup">
<kw name="Create Developer" library="MexController">
<msg timestamp="20190924 14:08:22.247" level="INFO">create developer on automation.ctrl.mobiledgex.net:55001. 
	key {
	  name: "developer1569352099-8486028"
	}
	</msg>
<msg timestamp="20190924 14:08:22.341" level="INFO">show developers on automation.ctrl.mobiledgex.net:55001. 
	key {
	  name: "developer1569352099-8486028"
	}
	</msg>
<status status="PASS" starttime="20190924 14:08:22.246" endtime="20190924 14:08:22.678"></status>
</kw>
<kw name="Create Flavor" library="MexController">
<msg timestamp="20190924 14:08:22.679" level="INFO">create flavor on automation.ctrl.mobiledgex.net:55001. 
	key {
	  name: "flavor1569352099-8486028"
	}
	ram: 1024
	vcpus: 1
	disk: 1
	</msg>
<msg timestamp="20190924 14:08:22.773" level="INFO">show flavors on automation.ctrl.mobiledgex.net:55001. 
	key {
	  name: "flavor1569352099-8486028"
	}
	</msg>
<status status="PASS" starttime="20190924 14:08:22.679" endtime="20190924 14:08:22.962"></status>
</kw>
<kw name="Create App" library="MexController">
<arguments>
<arg>deployment=vm</arg>
<arg>image_type=ImageTypeQCOW</arg>
<arg>image_path=${qcow_centos_image}</arg>
</arguments>
<msg timestamp="20190924 14:08:22.963" level="INFO">create app on automation.ctrl.mobiledgex.net:55001. 
	key {
	  developer_key {
	    name: "developer1569352099-8486028"
	  }
	  name: "app1569352099-8486028"
	  version: "1.0"
	}
	image_path: "https://artifactory-qa.mobiledgex.net/artifactory/mobiledgex/server_ping_threaded_centos7.qcow2#md5:eddafc541f1642b76a1c30062116719d"
	image_type: IMAGE_TYPE_QCOW
	access_ports: "tcp:1234"
	default_flavor {
	  name: "flavor1569352099-8486028"
	}
	deployment: "vm"
	</msg>
<msg timestamp="20190924 14:08:24.231" level="INFO">show apps on automation.ctrl.mobiledgex.net:55001. 
	key {
	  developer_key {
	    name: "developer1569352099-8486028"
	  }
	  name: "app1569352099-8486028"
	  version: "1.0"
	}
	</msg>
<msg timestamp="20190924 14:08:24.381" level="WARN">imagetypeqcow
{'key': developer_key {
  name: "developer1569352099-8486028"
}
name: "app1569352099-8486028"
version: "1.0"
, 'image_type': 2, 'image_path': 'https://artifactory-qa.mobiledgex.net/artifactory/mobiledgex/server_ping_threaded_centos7.qcow2#md5:eddafc541f1642b76a1c30062116719d', 'default_flavor': name: "flavor1569352099-8486028"
, 'access_ports': 'tcp:1234', 'deployment': 'vm'}</msg>
<msg timestamp="20190924 14:08:24.381" level="WARN">None
{'key': developer_key {
  name: "developer1569352099-8486028"
}
name: "app1569352099-8486028"
version: "1.0"
}</msg>
<status status="PASS" starttime="20190924 14:08:22.963" endtime="20190924 14:08:24.382"></status>
</kw>
<kw name="Get Default App Name" library="MexController">
<assign>
<var>${app_name_default}</var>
</assign>
<msg timestamp="20190924 14:08:24.382" level="INFO">${app_name_default} = app1569352099-8486028</msg>
<status status="PASS" starttime="20190924 14:08:24.382" endtime="20190924 14:08:24.382"></status>
</kw>
<kw name="Get Default App Version" library="MexController">
<assign>
<var>${app_version_default}</var>
</assign>
<msg timestamp="20190924 14:08:24.383" level="INFO">${app_version_default} = 1.0</msg>
<status status="PASS" starttime="20190924 14:08:24.382" endtime="20190924 14:08:24.383"></status>
</kw>
<kw name="Get Default Developer Name" library="MexController">
<assign>
<var>${developer_name_default}</var>
</assign>
<msg timestamp="20190924 14:08:24.383" level="INFO">${developer_name_default} = developer1569352099-8486028</msg>
<status status="PASS" starttime="20190924 14:08:24.383" endtime="20190924 14:08:24.383"></status>
</kw>
<kw name="Get Default Flavor Name" library="MexController">
<assign>
<var>${flavor_name_default}</var>
</assign>
<msg timestamp="20190924 14:08:24.384" level="INFO">${flavor_name_default} = flavor1569352099-8486028</msg>
<status status="PASS" starttime="20190924 14:08:24.384" endtime="20190924 14:08:24.384"></status>
</kw>
<kw name="Set Suite Variable" library="BuiltIn">
<doc>Makes a variable available everywhere within the scope of the current suite.</doc>
<arguments>
<arg>${app_name_default}</arg>
</arguments>
<msg timestamp="20190924 14:08:24.384" level="INFO">${app_name_default} = app1569352099-8486028</msg>
<status status="PASS" starttime="20190924 14:08:24.384" endtime="20190924 14:08:24.384"></status>
</kw>
<kw name="Set Suite Variable" library="BuiltIn">
<doc>Makes a variable available everywhere within the scope of the current suite.</doc>
<arguments>
<arg>${app_version_default}</arg>
</arguments>
<msg timestamp="20190924 14:08:24.385" level="INFO">${app_version_default} = 1.0</msg>
<status status="PASS" starttime="20190924 14:08:24.384" endtime="20190924 14:08:24.385"></status>
</kw>
<kw name="Set Suite Variable" library="BuiltIn">
<doc>Makes a variable available everywhere within the scope of the current suite.</doc>
<arguments>
<arg>${developer_name_default}</arg>
</arguments>
<msg timestamp="20190924 14:08:24.385" level="INFO">${developer_name_default} = developer1569352099-8486028</msg>
<status status="PASS" starttime="20190924 14:08:24.385" endtime="20190924 14:08:24.385"></status>
</kw>
<kw name="Set Suite Variable" library="BuiltIn">
<doc>Makes a variable available everywhere within the scope of the current suite.</doc>
<arguments>
<arg>${flavor_name_default}</arg>
</arguments>
<msg timestamp="20190924 14:08:24.386" level="INFO">${flavor_name_default} = flavor1569352099-8486028</msg>
<status status="PASS" starttime="20190924 14:08:24.385" endtime="20190924 14:08:24.386"></status>
</kw>
<status status="PASS" starttime="20190924 14:08:22.246" endtime="20190924 14:08:24.386"></status>
</kw>
<kw name="Get Time" library="BuiltIn">
<doc>Returns the given time in the requested format.</doc>
<arguments>
<arg>epoch</arg>
</arguments>
<assign>
<var>${epoch_time}</var>
</assign>
<msg timestamp="20190924 14:08:24.386" level="INFO">${epoch_time} = 1569352104</msg>
<status status="PASS" starttime="20190924 14:08:24.386" endtime="20190924 14:08:24.386"></status>
</kw>
<kw name="Catenate" library="BuiltIn">
<doc>Catenates the given items together and returns the resulted string.</doc>
<arguments>
<arg>SEPARATOR=-</arg>
<arg>dummyvmcluster</arg>
<arg>${epoch_time}</arg>
</arguments>
<assign>
<var>${cluster_name}</var>
</assign>
<msg timestamp="20190924 14:08:24.387" level="INFO">${cluster_name} = dummyvmcluster-1569352104</msg>
<status status="PASS" starttime="20190924 14:08:24.387" endtime="20190924 14:08:24.387"></status>
</kw>
<kw name="Create App Instance" library="MexController">
<doc>Creates an app instance with the specified object, values or all default values</doc>
<arguments>
<arg>cloudlet_name=${cloudlet_name}</arg>
<arg>operator_name=${operator_name}</arg>
<arg>cluster_instance_name=${cluster_name}</arg>
</arguments>
<assign>
<var>${app_inst}</var>
</assign>
<msg timestamp="20190924 14:08:24.388" level="INFO">create app instance on automation.ctrl.mobiledgex.net:55001. 
	key {
	  app_key {
	    developer_key {
	      name: "developer1569352099-8486028"
	    }
	    name: "app1569352099-8486028"
	    version: "1.0"
	  }
	  cluster_inst_key {
	    cluster_key {
	      name: "dummyvmcluster-1569352104"
	    }
	    cloudlet_key {
	      operator_key {
	        name: "tmus"
	      }
	      name: "tmocloud-1"
	    }
	    developer: "developer1569352099-8486028"
	  }
	}
	cloudlet_loc {
	}
	</msg>
<msg timestamp="20190924 14:08:24.538" level="INFO">show app instance on automation.ctrl.mobiledgex.net:55001. 
	key {
	  app_key {
	    developer_key {
	      name: "developer1569352099-8486028"
	    }
	    name: "app1569352099-8486028"
	  }
	  cluster_inst_key {
	    cluster_key {
	      name: "dummyvmcluster-1569352104"
	    }
	    cloudlet_key {
	      operator_key {
	        name: "tmus"
	      }
	      name: "tmocloud-1"
	    }
	  }
	}
	cloudlet_loc {
	}
	</msg>
<msg timestamp="20190924 14:08:24.586" level="INFO">{'cloudlet_loc': , 'key': app_key {
  developer_key {
    name: "developer1569352099-8486028"
  }
  name: "app1569352099-8486028"
  version: "1.0"
}
cluster_inst_key {
  cluster_key {
    name: "dummyvmcluster-1569352104"
  }
  cloudlet_key {
    operator_key {
      name: "tmus"
    }
    name: "tmocloud-1"
  }
  developer: "developer1569352099-8486028"
}
}
s key {
  app_key {
    developer_key {
      name: "developer1569352099-8486028"
    }
    name: "app1569352099-8486028"
    version: "1.0"
  }
  cluster_inst_key {
    cluster_key {
      name: "dummyvmcluster-1569352104"
    }
    cloudlet_key {
      operator_key {
        name: "tmus"
      }
      name: "tmocloud-1"
    }
    developer: "developer1569352099-8486028"
  }
}
cloudlet_loc {
}

sending message
{'cloudlet_loc': , 'key': app_key {
  developer_key {
    name: "developer1569352099-8486028"
  }
  name: "app1569352099-8486028"
}
cluster_inst_key {
  cluster_key {
    name: "dummyvmcluster-1569352104"
  }
  cloudlet_key {
    operator_key {
      name: "tmus"
    }
    name: "tmocloud-1"
  }
}
}
s key {
  app_key {
    developer_key {
      name: "developer1569352099-8486028"
    }
    name: "app1569352099-8486028"
  }
  cluster_inst_key {
    cluster_key {
      name: "dummyvmcluster-1569352104"
    }
    cloudlet_key {
      operator_key {
        name: "tmus"
      }
      name: "tmocloud-1"
    }
  }
}
cloudlet_loc {
}</msg>
<msg timestamp="20190924 14:08:24.587" level="INFO">${app_inst} = key {
  app_key {
    developer_key {
      name: "developer1569352099-8486028"
    }
    name: "app1569352099-8486028"
    version: "1.0"
  }
  cluster_inst_key {
    cluster_key {
      name: "dummy...</msg>
<status status="PASS" starttime="20190924 14:08:24.387" endtime="20190924 14:08:24.587"></status>
</kw>
<kw name="Should Be Equal" library="BuiltIn">
<doc>Fails if the given objects are unequal.</doc>
<arguments>
<arg>${app_inst.key.cluster_inst_key.cluster_key.name}</arg>
<arg>${cluster_name}</arg>
</arguments>
<status status="PASS" starttime="20190924 14:08:24.587" endtime="20190924 14:08:24.588"></status>
</kw>
<kw name="Cleanup Provisioning" library="MexController" type="teardown">
<msg timestamp="20190924 14:08:24.588" level="INFO">cleaning up provisioning</msg>
<msg timestamp="20190924 14:08:24.588" level="INFO">delete app instance on automation.ctrl.mobiledgex.net:55001. 
	key {
	  app_key {
	    developer_key {
	      name: "developer1569352099-8486028"
	    }
	    name: "app1569352099-8486028"
	    version: "1.0"
	  }
	  cluster_inst_key {
	    cluster_key {
	      name: "dummyvmcluster-1569352104"
	    }
	    cloudlet_key {
	      operator_key {
	        name: "tmus"
	      }
	      name: "tmocloud-1"
	    }
	    developer: "developer1569352099-8486028"
	  }
	}
	cloudlet_loc {
	}
	</msg>
<msg timestamp="20190924 14:08:24.803" level="INFO">delete app on automation.ctrl.mobiledgex.net:55001. 
	key {
	  developer_key {
	    name: "developer1569352099-8486028"
	  }
	  name: "app1569352099-8486028"
	  version: "1.0"
	}
	image_path: "https://artifactory-qa.mobiledgex.net/artifactory/mobiledgex/server_ping_threaded_centos7.qcow2#md5:eddafc541f1642b76a1c30062116719d"
	image_type: IMAGE_TYPE_QCOW
	access_ports: "tcp:1234"
	default_flavor {
	  name: "flavor1569352099-8486028"
	}
	deployment: "vm"
	</msg>
<msg timestamp="20190924 14:08:24.856" level="INFO">delete flavor on automation.ctrl.mobiledgex.net:55001. 
	key {
	  name: "flavor1569352099-8486028"
	}
	ram: 1024
	vcpus: 1
	disk: 1
	</msg>
<msg timestamp="20190924 14:08:24.921" level="INFO">delete developer on automation.ctrl.mobiledgex.net:55001. 
	key {
	  name: "developer1569352099-8486028"
	}
	</msg>
<msg timestamp="20190924 14:08:24.969" level="INFO">[&lt;function MexController.create_developer.&lt;locals&gt;.&lt;lambda&gt; at 0x1060bdcb0&gt;, &lt;function MexController.create_flavor.&lt;locals&gt;.&lt;lambda&gt; at 0x10611c200&gt;, &lt;function MexController.create_app.&lt;locals&gt;.&lt;lambda&gt; at 0x10611c560&gt;, &lt;function MexController.create_app_instance.&lt;locals&gt;.sendMessage.&lt;locals&gt;.&lt;lambda&gt; at 0x106131710&gt;]
sending message
message: "NotPresent"

message: "Deleted AppInst successfully"</msg>
<status status="PASS" starttime="20190924 14:08:24.588" endtime="20190924 14:08:24.969"></status>
</kw>
<doc>create a VM app instance with cluster name
verify app instance is created</doc>
<status status="PASS" starttime="20190924 14:08:22.245" endtime="20190924 14:08:24.970" critical="yes"></status>
</test>
<doc>CreateAppInst</doc>
<status status="PASS" starttime="20190924 14:08:19.729" endtime="20190924 14:08:24.971"></status>
</suite>
<statistics>
<total>
<stat pass="2" fail="0">Critical Tests</stat>
<stat pass="2" fail="0">All Tests</stat>
</total>
<tag>
</tag>
<suite>
<stat pass="2" fail="0" id="s1" name="createAppInst vm">createAppInst vm</stat>
</suite>
</statistics>
<errors>
<msg timestamp="20190924 14:08:21.702" level="WARN">imagetypeqcow
{'key': developer_key {
  name: "developer1569352099-8486028"
}
name: "app1569352099-8486028"
version: "1.0"
, 'image_type': 2, 'image_path': 'https://artifactory-qa.mobiledgex.net/artifactory/mobiledgex/server_ping_threaded_centos7.qcow2#md5:eddafc541f1642b76a1c30062116719d', 'default_flavor': name: "flavor1569352099-8486028"
, 'access_ports': 'tcp:1234', 'deployment': 'vm'}</msg>
<msg timestamp="20190924 14:08:21.702" level="WARN">None
{'key': developer_key {
  name: "developer1569352099-8486028"
}
name: "app1569352099-8486028"
version: "1.0"
}</msg>
<msg timestamp="20190924 14:08:24.381" level="WARN">imagetypeqcow
{'key': developer_key {
  name: "developer1569352099-8486028"
}
name: "app1569352099-8486028"
version: "1.0"
, 'image_type': 2, 'image_path': 'https://artifactory-qa.mobiledgex.net/artifactory/mobiledgex/server_ping_threaded_centos7.qcow2#md5:eddafc541f1642b76a1c30062116719d', 'default_flavor': name: "flavor1569352099-8486028"
, 'access_ports': 'tcp:1234', 'deployment': 'vm'}</msg>
<msg timestamp="20190924 14:08:24.381" level="WARN">None
{'key': developer_key {
  name: "developer1569352099-8486028"
}
name: "app1569352099-8486028"
version: "1.0"
}</msg>
</errors>
</robot>
